<?xml version="1.0" encoding="UTF-8"?>
<testng-results ignored="0" total="1" passed="1" failed="0" skipped="0">
  <reporter-output>
  </reporter-output>
  <suite started-at="2021-08-08T21:37:55 BDT" name="Suite1" finished-at="2021-08-08T21:38:10 BDT" duration-ms="14800">
    <groups>
    </groups>
    <test started-at="2021-08-08T21:37:55 BDT" name="Test1" finished-at="2021-08-08T21:38:10 BDT" duration-ms="14800">
      <class name="test1.TestNg_Demo">
        <test-method is-config="true" signature="Demo()[pri:0, instance:test1.TestNg_Demo@6c130c45]" started-at="2021-08-08T21:37:55 BDT" name="Demo" finished-at="2021-08-08T21:38:00 BDT" duration-ms="4787" status="PASS">
          <reporter-output>
          </reporter-output>
        </test-method> <!-- Demo -->
        <test-method signature="GoogleSearch()[pri:0, instance:test1.TestNg_Demo@6c130c45]" started-at="2021-08-08T21:38:00 BDT" name="GoogleSearch" finished-at="2021-08-08T21:38:10 BDT" duration-ms="9465" status="PASS">
          <reporter-output>
          </reporter-output>
        </test-method> <!-- GoogleSearch -->
        <test-method is-config="true" signature="tearDownTest()[pri:0, instance:test1.TestNg_Demo@6c130c45]" started-at="2021-08-08T21:38:10 BDT" name="tearDownTest" finished-at="2021-08-08T21:38:10 BDT" duration-ms="494" status="PASS">
          <reporter-output>
          </reporter-output>
        </test-method> <!-- tearDownTest -->
      </class> <!-- test1.TestNg_Demo -->
    </test> <!-- Test1 -->
  </suite> <!-- Suite1 -->
</testng-results>
