<?xml version="1.0" encoding="UTF-8"?>
<testng-results ignored="0" total="1" passed="1" failed="0" skipped="0">
  <reporter-output>
  </reporter-output>
  <suite started-at="2021-08-05T15:31:03 BDT" name="Default suite" finished-at="2021-08-05T15:31:18 BDT" duration-ms="14567">
    <groups>
    </groups>
    <test started-at="2021-08-05T15:31:03 BDT" name="Default test" finished-at="2021-08-05T15:31:18 BDT" duration-ms="14567">
      <class name="test1.ExtendReportDemoTestng">
        <test-method is-config="true" signature="setup()[pri:0, instance:test1.ExtendReportDemoTestng@4d02f94e]" started-at="2021-08-05T15:31:03 BDT" name="setup" finished-at="2021-08-05T15:31:03 BDT" duration-ms="145" status="PASS">
          <reporter-output>
          </reporter-output>
        </test-method> <!-- setup -->
        <test-method is-config="true" signature="Demo()[pri:0, instance:test1.ExtendReportDemoTestng@4d02f94e]" started-at="2021-08-05T15:31:03 BDT" name="Demo" finished-at="2021-08-05T15:31:05 BDT" duration-ms="1639" status="PASS">
          <reporter-output>
          </reporter-output>
        </test-method> <!-- Demo -->
        <test-method signature="test1()[pri:0, instance:test1.ExtendReportDemoTestng@4d02f94e]" started-at="2021-08-05T15:31:05 BDT" name="test1" finished-at="2021-08-05T15:31:13 BDT" duration-ms="8546" status="PASS">
          <reporter-output>
          </reporter-output>
        </test-method> <!-- test1 -->
        <test-method is-config="true" signature="tearDownTest()[pri:0, instance:test1.ExtendReportDemoTestng@4d02f94e]" started-at="2021-08-05T15:31:13 BDT" name="tearDownTest" finished-at="2021-08-05T15:31:18 BDT" duration-ms="4344" status="PASS">
          <reporter-output>
          </reporter-output>
        </test-method> <!-- tearDownTest -->
        <test-method is-config="true" signature="tearDown()[pri:0, instance:test1.ExtendReportDemoTestng@4d02f94e]" started-at="2021-08-05T15:31:18 BDT" name="tearDown" finished-at="2021-08-05T15:31:18 BDT" duration-ms="243" status="PASS">
          <reporter-output>
          </reporter-output>
        </test-method> <!-- tearDown -->
      </class> <!-- test1.ExtendReportDemoTestng -->
    </test> <!-- Default test -->
  </suite> <!-- Default suite -->
</testng-results>
